  main.cpp
C:\Users\Yaman\source\repos\Project1\Project1\main.cpp(58,61): warning C4244: '=': conversion from 'double' to 'float', possible loss of data
C:\Users\Yaman\source\repos\Project1\Project1\main.cpp(63,61): warning C4244: '=': conversion from 'double' to 'float', possible loss of data
C:\Users\Yaman\source\repos\Project1\Project1\main.cpp(68,61): warning C4244: '=': conversion from 'double' to 'float', possible loss of data
C:\Users\Yaman\source\repos\Project1\Project1\main.cpp(73,61): warning C4244: '=': conversion from 'double' to 'float', possible loss of data
C:\Users\Yaman\source\repos\Project1\Project1\main.cpp(78,65): warning C4244: '=': conversion from 'double' to 'float', possible loss of data
C:\Users\Yaman\source\repos\Project1\Project1\main.cpp(83,65): warning C4244: '=': conversion from 'double' to 'float', possible loss of data
C:\Users\Yaman\source\repos\Project1\Project1\main.cpp(88,65): warning C4244: '=': conversion from 'double' to 'float', possible loss of data
C:\Users\Yaman\source\repos\Project1\Project1\main.cpp(93,65): warning C4244: '=': conversion from 'double' to 'float', possible loss of data
C:\Users\Yaman\source\repos\Project1\Project1\main.cpp(182,31): warning C4018: '<': signed/unsigned mismatch
C:\Users\Yaman\source\repos\Project1\Project1\main.cpp(183,72): warning C4244: 'argument': conversion from 'int' to 'float', possible loss of data
C:\Users\Yaman\source\repos\Project1\Project1\main.cpp(183,51): warning C4244: 'argument': conversion from 'int' to 'float', possible loss of data
C:\Users\Yaman\source\repos\Project1\Project1\main.cpp(188,47): warning C4244: 'argument': conversion from 'int' to 'float', possible loss of data
C:\Users\Yaman\source\repos\Project1\Project1\main.cpp(188,32): warning C4244: 'argument': conversion from 'int' to 'float', possible loss of data
C:\Users\Yaman\source\repos\Project1\Project1\main.cpp(191,43): warning C4244: 'argument': conversion from 'int' to 'float', possible loss of data
C:\Users\Yaman\source\repos\Project1\Project1\main.cpp(191,30): warning C4244: 'argument': conversion from 'int' to 'float', possible loss of data
C:\Users\Yaman\source\repos\Project1\Project1\main.cpp(197,38): warning C4244: 'argument': conversion from 'int' to 'float', possible loss of data
C:\Users\Yaman\source\repos\Project1\Project1\main.cpp(197,35): warning C4244: 'argument': conversion from 'int' to 'float', possible loss of data
C:\Users\Yaman\source\repos\Project1\Project1\main.cpp(204,47): warning C4244: 'argument': conversion from 'int' to 'float', possible loss of data
C:\Users\Yaman\source\repos\Project1\Project1\main.cpp(204,44): warning C4244: 'argument': conversion from 'int' to 'float', possible loss of data
  Project1.vcxproj -> C:\Users\Yaman\source\repos\Project1\Debug\Project1.exe
